0 info it worked if it ends with ok
1 verbose cli [ '/usr/bin/node', '/usr/bin/npm', 'run', 'build' ]
2 info using npm@3.5.2
3 info using node@v8.10.0
4 verbose run-script [ 'prebuild', 'build', 'postbuild' ]
5 info lifecycle task_1@1.0.0~prebuild: task_1@1.0.0
6 silly lifecycle task_1@1.0.0~prebuild: no script for prebuild, continuing
7 info lifecycle task_1@1.0.0~build: task_1@1.0.0
8 verbose lifecycle task_1@1.0.0~build: unsafe-perm in lifecycle true
9 verbose lifecycle task_1@1.0.0~build: PATH: /usr/share/npm/bin/node-gyp-bin:/home/sirjames/ALX/alx-react/0x00-Webpack/task_1/node_modules/.bin:/home/sirjames/.vscode-server/bin/4849ca9bdf9666755eb463db297b69e5385090e3/bin/remote-cli:/usr/local/sbin:/usr/local/bin:/usr/sbin:/usr/bin:/sbin:/bin:/usr/games:/usr/local/games:/usr/lib/wsl/lib:/mnt/c/Windows/system32:/mnt/c/Windows:/mnt/c/Windows/System32/Wbem:/mnt/c/Windows/System32/WindowsPowerShell/v1.0/:/mnt/c/Windows/System32/OpenSSH/:/mnt/c/Users/Kimot/AppData/Local/Microsoft/WindowsApps:/mnt/c/Users/Kimot/AppData/Local/Programs/Microsoft VS Code/bin:/snap/bin
10 verbose lifecycle task_1@1.0.0~build: CWD: /home/sirjames/ALX/alx-react/0x00-Webpack/task_1
11 silly lifecycle task_1@1.0.0~build: Args: [ '-c', 'webpack' ]
12 info lifecycle task_1@1.0.0~build: Failed to exec build script
13 verbose stack Error: task_1@1.0.0 build: `webpack`
13 verbose stack spawn ENOENT
13 verbose stack     at ChildProcess.<anonymous> (/usr/share/npm/lib/utils/spawn.js:17:16)
13 verbose stack     at emitTwo (events.js:126:13)
13 verbose stack     at ChildProcess.emit (events.js:214:7)
13 verbose stack     at maybeClose (internal/child_process.js:925:16)
13 verbose stack     at Process.ChildProcess._handle.onexit (internal/child_process.js:209:5)
14 verbose pkgid task_1@1.0.0
15 verbose cwd /home/sirjames/ALX/alx-react/0x00-Webpack/task_1
16 error Linux 5.15.153.1-microsoft-standard-WSL2
17 error argv "/usr/bin/node" "/usr/bin/npm" "run" "build"
18 error node v8.10.0
19 error npm  v3.5.2
20 error file sh
21 error code ELIFECYCLE
22 error errno ENOENT
23 error syscall spawn
24 error task_1@1.0.0 build: `webpack`
24 error spawn ENOENT
25 error Failed at the task_1@1.0.0 build script 'webpack'.
25 error Make sure you have the latest version of node.js and npm installed.
25 error If you do, this is most likely a problem with the task_1 package,
25 error not with npm itself.
25 error Tell the author that this fails on your system:
25 error     webpack
25 error You can get information on how to open an issue for this project with:
25 error     npm bugs task_1
25 error Or if that isn't available, you can get their info via:
25 error     npm owner ls task_1
25 error There is likely additional logging output above.
26 verbose exit [ 1, true ]
